#
# A fatal error has been detected by the Java Runtime Environment:
#
#  SIGSEGV (0xb) at pc=0x0000000101f9b37c, pid=6022, tid=22019
#
# JRE version: Java(TM) SE Runtime Environment (7.0_51-b13) (build 1.7.0_51-b13)
# Java VM: Java HotSpot(TM) 64-Bit Server VM (24.51-b03 mixed mode bsd-amd64 compressed oops)
# Problematic frame:
# V  [libjvm.dylib+0x33337c]  jvmti_IsMethodSynthetic+0xb9
#
# Failed to write core dump. Core dumps have been disabled. To enable core dumping, try "ulimit -c unlimited" before starting Java again
#
# If you would like to submit a bug report, please visit:
#   http://bugreport.sun.com/bugreport/crash.jsp
#

---------------  T H R E A D  ---------------

Current thread (0x00007fc9a2051800):  JavaThread "JDWP Transport Listener: dt_socket" daemon [_thread_in_vm, id=22019, stack(0x000000014e9f2000,0x000000014eaf2000)]

siginfo:si_signo=SIGSEGV: si_errno=0, si_code=0 (SEGV0), si_addr=0x0000000000000000

Registers:
RAX=0x0000000000000001, RBX=0x000000014eaf1aab, RCX=0x00000000000fc080, RDX=0x000000014eaf1aab
RSP=0x000000014eaf1a10, RBP=0x000000014eaf1a60, RSI=0x00007fc9a2051800, RDI=0x00007fc9a1c136b0
R8 =0x0000000000000003, R9 =0x00000000f6d3ff0f, R10=0x0000000000000000, R11=0x00000000f6d3ff0f
R12=0x00007fc9a2051800, R13=0x7265003b7200003b, R14=0x7265003b7200003b, R15=0x00007fc9a1c136b0
RIP=0x0000000101f9b37c, EFLAGS=0x0000000000010202, ERR=0x0000000000000000
  TRAPNO=0x000000000000000d

Top of Stack: (sp=0x000000014eaf1a10)
0x000000014eaf1a10:   00007fc9a2051800 0000000000000000
0x000000014eaf1a20:   0000000000000000 0000000000000000
0x000000014eaf1a30:   00007fc9a2051800 00007fc9a2051800
0x000000014eaf1a40:   000000014eaf1aab 000000014eaf1ab0
0x000000014eaf1a50:   7265003b7200003b 0000000000000004
0x000000014eaf1a60:   000000014eaf1a80 000000010281c1f8
0x000000014eaf1a70:   0000000000000001 000000014eaf1b28
0x000000014eaf1a80:   000000014eaf1af0 000000010280102b
0x000000014eaf1a90:   000000014eaf1ac0 00007fc9a1c35f00
0x000000014eaf1aa0:   0000000500000032 0000000a00af1b28
0x000000014eaf1ab0:   0000000000000000 0000000000000000
0x000000014eaf1ac0:   0000000000000000 000000014eaf1cb0
0x000000014eaf1ad0:   0000000102823dc0 00007fc9a1c713e0
0x000000014eaf1ae0:   000000014eaf1b28 000000010282f578
0x000000014eaf1af0:   000000014eaf1b00 0000000102801124
0x000000014eaf1b00:   000000014eaf1d20 000000010280a6b2
0x000000014eaf1b10:   0000607200000013 00000000000f0200
0x000000014eaf1b20:   00007fc9a1c711c0 00007fc9a1c34f6d
0x000000014eaf1b30:   00007fc90000014b 00007fc9a1c35cf0
0x000000014eaf1b40:   00007fc90000012c 000000014eaf1b78
0x000000014eaf1b50:   00007fc9a1c35cf0 0000000000000000
0x000000014eaf1b60:   000060720000001c 0000000000000080
0x000000014eaf1b70:   000000014eaf1b78 c97f000005000000
0x000000014eaf1b80:   0600000048c0c2a1 00003e74696e693c
0x000000014eaf1b90:   0000005629280300 7f00000100000000
0x000000014eaf1ba0:   000000f8f885a2c9 727245646e696609
0x000000014eaf1bb0:   4c2833000000726f 6974752f6176616a
0x000000014eaf1bc0:   6a4c3b70614d2f6c 6c6974752f617661
0x000000014eaf1bd0:   6a4c3b7473694c2f 6c6974752f617661
0x000000014eaf1be0:   29493b7473694c2f 6a4c287400000044
0x000000014eaf1bf0:   6c6974752f617661 68634c3c70614d2f
0x000000014eaf1c00:   3b6f6168432f6f61 616c2f6176616a4c 

Instructions: (pc=0x0000000101f9b37c)
0x0000000101f9b35c:   00 00 00 41 f6 87 68 01 00 00 10 75 07 b8 63 00
0x0000000101f9b36c:   00 00 eb 7a 4d 85 f6 75 07 b8 17 00 00 00 eb 6e
0x0000000101f9b37c:   4d 8b 36 48 b8 fe fe fe fe fe fe fe fe 49 39 c6
0x0000000101f9b38c:   74 e7 4d 85 f6 74 e2 48 8d 05 f6 f8 4c 00 80 38 

Register to memory mapping:

RAX=0x0000000000000001 is an unknown value
RBX=0x000000014eaf1aab is pointing into the stack for thread: 0x00007fc9a2051800
RCX=0x00000000000fc080 is an unknown value
RDX=0x000000014eaf1aab is pointing into the stack for thread: 0x00007fc9a2051800
RSP=0x000000014eaf1a10 is pointing into the stack for thread: 0x00007fc9a2051800
RBP=0x000000014eaf1a60 is pointing into the stack for thread: 0x00007fc9a2051800
RSI=0x00007fc9a2051800 is a thread
RDI=0x00007fc9a1c136b0 is an unknown value
R8 =0x0000000000000003 is an unknown value
R9 =0x00000000f6d3ff0f is an unknown value
R10=0x0000000000000000 is an unknown value
R11=0x00000000f6d3ff0f is an unknown value
R12=0x00007fc9a2051800 is a thread
R13=0x7265003b7200003b is an unknown value
R14=0x7265003b7200003b is an unknown value
R15=0x00007fc9a1c136b0 is an unknown value


Stack: [0x000000014e9f2000,0x000000014eaf2000],  sp=0x000000014eaf1a10,  free space=1022k
Native frames: (J=compiled Java code, j=interpreted, Vv=VM code, C=native code)
V  [libjvm.dylib+0x33337c]  jvmti_IsMethodSynthetic+0xb9
C  [libjdwp.dylib+0x201f8]  isMethodSynthetic+0x63
C  [libjdwp.dylib+0x502b]  methods1+0x10b
C  [libjdwp.dylib+0x5124]  methodsWithGeneric+0xe
C  [libjdwp.dylib+0xe6b2]  debugLoop_run+0x1ce
C  [libjdwp.dylib+0x1f132]  attachThread+0x4d
V  [libjvm.dylib+0x373f9e]  JvmtiAgentThread::call_start_function()+0x38
V  [libjvm.dylib+0x4efb57]  JavaThread::thread_main_inner()+0x9b
V  [libjvm.dylib+0x4f125f]  JavaThread::run()+0x1a3
V  [libjvm.dylib+0x41b1d6]  java_start(Thread*)+0x126
C  [libsystem_c.dylib+0x14772]  _pthread_start+0x147
C  [libsystem_c.dylib+0x11a1]  thread_start+0xd


---------------  P R O C E S S  ---------------

Java Threads: ( => current thread )
  0x00007fc9a303c000 JavaThread "Abandoned connection cleanup thread" daemon [_thread_blocked, id=25603, stack(0x000000014f15a000,0x000000014f25a000)]
  0x00007fc9a205d800 JavaThread "Service Thread" daemon [_thread_blocked, id=24579, stack(0x000000014ef01000,0x000000014f001000)]
  0x00007fc9a2053800 JavaThread "C2 CompilerThread1" daemon [_thread_blocked, id=24067, stack(0x000000014edfe000,0x000000014eefe000)]
  0x00007fc9a2053000 JavaThread "C2 CompilerThread0" daemon [_thread_blocked, id=23555, stack(0x000000014ecfb000,0x000000014edfb000)]
  0x00007fc9a2052000 JavaThread "JDWP Command Reader" daemon [_thread_in_native, id=23043, stack(0x000000014ebf8000,0x000000014ecf8000)]
  0x00007fc9a2050800 JavaThread "JDWP Event Helper Thread" daemon [_thread_blocked, id=22531, stack(0x000000014eaf5000,0x000000014ebf5000)]
=>0x00007fc9a2051800 JavaThread "JDWP Transport Listener: dt_socket" daemon [_thread_in_vm, id=22019, stack(0x000000014e9f2000,0x000000014eaf2000)]
  0x00007fc9a303e000 JavaThread "Signal Dispatcher" daemon [_thread_blocked, id=21507, stack(0x000000014e8ef000,0x000000014e9ef000)]
  0x00007fc9a302c000 JavaThread "Finalizer" daemon [_thread_blocked, id=14851, stack(0x000000014e494000,0x000000014e594000)]
  0x00007fc9a3029000 JavaThread "Reference Handler" daemon [_thread_blocked, id=14339, stack(0x000000014e391000,0x000000014e491000)]
  0x00007fc9a2019000 JavaThread "main" [_thread_blocked, id=5379, stack(0x00000001026bc000,0x00000001027bc000)]

Other Threads:
  0x00007fc9a3028800 VMThread [stack: 0x000000014e28e000,0x000000014e38e000] [id=13827]
  0x00007fc9a203b800 WatcherThread [stack: 0x000000014f004000,0x000000014f104000] [id=25091]

VM state:not at safepoint (normal execution)

VM Mutex/Monitor currently owned by a thread: None

Heap
 PSYoungGen      total 19456K, used 7629K [0x0000000135680000, 0x0000000136c00000, 0x000000014ac00000)
  eden space 16896K, 45% used [0x0000000135680000,0x0000000135df35f8,0x0000000136700000)
  from space 2560K, 0% used [0x0000000136980000,0x0000000136980000,0x0000000136c00000)
  to   space 2560K, 0% used [0x0000000136700000,0x0000000136700000,0x0000000136980000)
 ParOldGen       total 43520K, used 0K [0x000000010ac00000, 0x000000010d680000, 0x0000000135680000)
  object space 43520K, 0% used [0x000000010ac00000,0x000000010ac00000,0x000000010d680000)
 PSPermGen       total 21504K, used 6022K [0x0000000105a00000, 0x0000000106f00000, 0x000000010ac00000)
  object space 21504K, 28% used [0x0000000105a00000,0x0000000105fe1a20,0x0000000106f00000)

Card table byte_map: [0x000000014ac00000,0x000000014ae2a000] byte_map_base: 0x000000014a3d3000

Polling page: 0x00000001027fb000

Code Cache  [0x000000010284f000, 0x0000000102abf000, 0x000000010584f000)
 total_blobs=288 nmethods=25 adapters=226 free_code_cache=48648Kb largest_free_block=49800192

Compilation events (10 events):
Event: 0.698 Thread 0x00007fc9a2053800   21 %           com.mysql.jdbc.SingleByteCharsetConverter::<clinit> @ 58 (80 bytes)
Event: 0.703 Thread 0x00007fc9a2053800 nmethod 21% 0x00000001028c5250 code [0x00000001028c53c0, 0x00000001028c5558]
Event: 0.708 Thread 0x00007fc9a2053000   22             sun.net.www.ParseUtil::encodePath (336 bytes)
Event: 0.729 Thread 0x00007fc9a2053800   23             java.lang.String::replace (127 bytes)
Event: 0.740 Thread 0x00007fc9a2053800 nmethod 23 0x00000001028c9350 code [0x00000001028c94c0, 0x00000001028c99d8]
Event: 0.740 Thread 0x00007fc9a2053800   24             java.lang.String::startsWith (72 bytes)
Event: 0.741 Thread 0x00007fc9a2053000 nmethod 22 0x00000001028ceb50 code [0x00000001028cedc0, 0x00000001028d00b8]
Event: 0.744 Thread 0x00007fc9a2053800 nmethod 24 0x00000001028cb710 code [0x00000001028cb860, 0x00000001028cbaf8]
Event: 599.728 Thread 0x00007fc9a2053000   25             java.lang.ref.ReferenceQueue::reallyPoll (69 bytes)
Event: 599.728 Thread 0x00007fc9a2053000 nmethod 25 0x00000001028cbc90 code [0x00000001028cbdc0, 0x00000001028cbe38]

GC Heap History (0 events):
No events

Deoptimization events (5 events):
Event: 0.607 Thread 0x00007fc9a2019000 Uncommon trap: reason=class_check action=maybe_recompile pc=0x00000001028b850c method=java.util.Properties$LineReader.readLine()I @ 62
Event: 0.608 Thread 0x00007fc9a2019000 Uncommon trap: reason=class_check action=maybe_recompile pc=0x00000001028b850c method=java.util.Properties$LineReader.readLine()I @ 62
Event: 0.608 Thread 0x00007fc9a2019000 Uncommon trap: reason=class_check action=maybe_recompile pc=0x00000001028b850c method=java.util.Properties$LineReader.readLine()I @ 62
Event: 0.608 Thread 0x00007fc9a2019000 Uncommon trap: reason=class_check action=maybe_recompile pc=0x00000001028b850c method=java.util.Properties$LineReader.readLine()I @ 62
Event: 0.652 Thread 0x00007fc9a2019000 Uncommon trap: reason=null_check action=make_not_entrant pc=0x00000001028ba594 method=java.lang.String.equals(Ljava/lang/Object;)Z @ 8

Internal exceptions (10 events):
Event: 0.752 Thread 0x00007fc9a2019000 Threw 0x0000000135cef5e0 at /HUDSON/workspace/7u-2-build-macosx-x86_64/jdk7u51/527/hotspot/src/share/vm/prims/jvm.cpp:1244
Event: 0.764 Thread 0x00007fc9a2019000 Threw 0x0000000135d18380 at /HUDSON/workspace/7u-2-build-macosx-x86_64/jdk7u51/527/hotspot/src/share/vm/prims/jvm.cpp:1244
Event: 0.766 Thread 0x00007fc9a2019000 Threw 0x0000000135d2f770 at /HUDSON/workspace/7u-2-build-macosx-x86_64/jdk7u51/527/hotspot/src/share/vm/prims/jvm.cpp:1244
Event: 0.767 Thread 0x00007fc9a2019000 Threw 0x0000000135d34930 at /HUDSON/workspace/7u-2-build-macosx-x86_64/jdk7u51/527/hotspot/src/share/vm/prims/jvm.cpp:1244
Event: 0.768 Thread 0x00007fc9a2019000 Threw 0x0000000135d39058 at /HUDSON/workspace/7u-2-build-macosx-x86_64/jdk7u51/527/hotspot/src/share/vm/prims/jvm.cpp:1244
Event: 0.768 Thread 0x00007fc9a2019000 Threw 0x0000000135d3bfb8 at /HUDSON/workspace/7u-2-build-macosx-x86_64/jdk7u51/527/hotspot/src/share/vm/prims/jvm.cpp:1244
Event: 0.769 Thread 0x00007fc9a2019000 Threw 0x0000000135d3eda0 at /HUDSON/workspace/7u-2-build-macosx-x86_64/jdk7u51/527/hotspot/src/share/vm/prims/jvm.cpp:1244
Event: 0.776 Thread 0x00007fc9a2019000 Threw 0x0000000135d51180 at /HUDSON/workspace/7u-2-build-macosx-x86_64/jdk7u51/527/hotspot/src/share/vm/prims/jvm.cpp:1244
Event: 0.777 Thread 0x00007fc9a2019000 Threw 0x0000000135d54018 at /HUDSON/workspace/7u-2-build-macosx-x86_64/jdk7u51/527/hotspot/src/share/vm/prims/jvm.cpp:1244
Event: 2.518 Thread 0x00007fc9a2019000 Threw 0x0000000135d5b980 at /HUDSON/workspace/7u-2-build-macosx-x86_64/jdk7u51/527/hotspot/src/share/vm/prims/jvm.cpp:1244

Events (10 events):
Event: 733.952 Executing VM operation: GetCurrentLocation
Event: 733.952 Executing VM operation: GetCurrentLocation done
Event: 733.952 Executing VM operation: EnterInterpOnlyMode
Event: 733.952 Executing VM operation: EnterInterpOnlyMode done
Event: 733.952 Executing VM operation: ChangeSingleStep
Event: 733.952 Executing VM operation: ChangeSingleStep done
Event: 733.952 Executing VM operation: ChangeSingleStep
Event: 733.952 Executing VM operation: ChangeSingleStep done
Event: 733.955 Executing VM operation: RedefineClasses
Event: 733.956 Executing VM operation: RedefineClasses done


Dynamic libraries:
0x0000000101b56000 	/usr/lib/libimckit.dylib
0x0000000004c42000 	/System/Library/Frameworks/Cocoa.framework/Versions/A/Cocoa
0x0000000004c42000 	/System/Library/Frameworks/Security.framework/Versions/A/Security
0x0000000004c42000 	/System/Library/Frameworks/ApplicationServices.framework/Versions/A/ApplicationServices
0x0000000004c42000 	/usr/lib/libz.1.dylib
0x0000000004c42000 	/usr/lib/libSystem.B.dylib
0x0000000004c42000 	/usr/lib/libobjc.A.dylib
0x0000000004c42000 	/System/Library/Frameworks/CoreFoundation.framework/Versions/A/CoreFoundation
0x0000000004c42000 	/System/Library/Frameworks/Foundation.framework/Versions/C/Foundation
0x0000000004c42000 	/System/Library/Frameworks/AppKit.framework/Versions/C/AppKit
0x0000000004c42000 	/System/Library/Frameworks/CoreData.framework/Versions/A/CoreData
0x0000000004c42000 	/System/Library/PrivateFrameworks/RemoteViewServices.framework/Versions/A/RemoteViewServices
0x0000000004c42000 	/System/Library/Frameworks/AudioToolbox.framework/Versions/A/AudioToolbox
0x0000000004c42000 	/System/Library/Frameworks/AudioUnit.framework/Versions/A/AudioUnit
0x0000000004c42000 	/System/Library/PrivateFrameworks/DataDetectorsCore.framework/Versions/A/DataDetectorsCore
0x0000000004c42000 	/System/Library/PrivateFrameworks/DesktopServicesPriv.framework/Versions/A/DesktopServicesPriv
0x0000000004c42000 	/System/Library/Frameworks/Carbon.framework/Versions/A/Frameworks/HIToolbox.framework/Versions/A/HIToolbox
0x0000000004c42000 	/System/Library/Frameworks/QuartzCore.framework/Versions/A/QuartzCore
0x0000000004c42000 	/System/Library/Frameworks/Carbon.framework/Versions/A/Frameworks/SpeechRecognition.framework/Versions/A/SpeechRecognition
0x0000000004c42000 	/usr/lib/libauto.dylib
0x0000000004c42000 	/usr/lib/libicucore.A.dylib
0x0000000004c42000 	/usr/lib/libxml2.2.dylib
0x0000000004c42000 	/System/Library/PrivateFrameworks/CoreUI.framework/Versions/A/CoreUI
0x0000000004c42000 	/System/Library/Frameworks/CoreAudio.framework/Versions/A/CoreAudio
0x0000000004c42000 	/System/Library/Frameworks/DiskArbitration.framework/Versions/A/DiskArbitration
0x0000000004c42000 	/usr/lib/liblangid.dylib
0x0000000004c42000 	/System/Library/PrivateFrameworks/MultitouchSupport.framework/Versions/A/MultitouchSupport
0x0000000004c42000 	/System/Library/Frameworks/IOKit.framework/Versions/A/IOKit
0x0000000004c42000 	/usr/lib/libDiagnosticMessagesClient.dylib
0x0000000004c42000 	/System/Library/Frameworks/CoreServices.framework/Versions/A/CoreServices
0x0000000004c42000 	/System/Library/PrivateFrameworks/PerformanceAnalysis.framework/Versions/A/PerformanceAnalysis
0x0000000004c42000 	/System/Library/PrivateFrameworks/GenerationalStorage.framework/Versions/A/GenerationalStorage
0x0000000004c42000 	/System/Library/Frameworks/OpenGL.framework/Versions/A/OpenGL
0x0000000004c42000 	/System/Library/Frameworks/CoreText.framework/Versions/A/CoreText
0x0000000004c42000 	/System/Library/Frameworks/ImageIO.framework/Versions/A/ImageIO
0x0000000004c42000 	/System/Library/PrivateFrameworks/Backup.framework/Versions/A/Backup
0x0000000004c42000 	/System/Library/Frameworks/CFNetwork.framework/Versions/A/CFNetwork
0x0000000004c42000 	/System/Library/Frameworks/SystemConfiguration.framework/Versions/A/SystemConfiguration
0x0000000004c42000 	/usr/lib/libCRFSuite.dylib
0x0000000004c42000 	/System/Library/PrivateFrameworks/TCC.framework/Versions/A/TCC
0x0000000004c42000 	/usr/lib/libc++.1.dylib
0x0000000004c42000 	/usr/lib/libc++abi.dylib
0x0000000004c42000 	/usr/lib/system/libcache.dylib
0x0000000004c42000 	/usr/lib/system/libcommonCrypto.dylib
0x0000000004c42000 	/usr/lib/system/libcompiler_rt.dylib
0x0000000004c42000 	/usr/lib/system/libcopyfile.dylib
0x0000000004c42000 	/usr/lib/system/libdispatch.dylib
0x0000000004c42000 	/usr/lib/system/libdnsinfo.dylib
0x0000000004c42000 	/usr/lib/system/libdyld.dylib
0x0000000004c42000 	/usr/lib/system/libkeymgr.dylib
0x0000000004c42000 	/usr/lib/system/liblaunch.dylib
0x0000000004c42000 	/usr/lib/system/libmacho.dylib
0x0000000004c42000 	/usr/lib/system/libquarantine.dylib
0x0000000004c42000 	/usr/lib/system/libremovefile.dylib
0x0000000004c42000 	/usr/lib/system/libsystem_blocks.dylib
0x0000000004c42000 	/usr/lib/system/libsystem_c.dylib
0x0000000004c42000 	/usr/lib/system/libsystem_dnssd.dylib
0x0000000004c42000 	/usr/lib/system/libsystem_info.dylib
0x0000000004c42000 	/usr/lib/system/libsystem_kernel.dylib
0x0000000004c42000 	/usr/lib/system/libsystem_m.dylib
0x0000000004c42000 	/usr/lib/system/libsystem_network.dylib
0x0000000004c42000 	/usr/lib/system/libsystem_notify.dylib
0x0000000004c42000 	/usr/lib/system/libsystem_sandbox.dylib
0x0000000004c42000 	/usr/lib/system/libunc.dylib
0x0000000004c42000 	/usr/lib/system/libunwind.dylib
0x0000000004c42000 	/usr/lib/system/libxpc.dylib
0x0000000004c42000 	/usr/lib/system/libcorecrypto.dylib
0x0000000004c42000 	/usr/lib/libstdc++.6.dylib
0x0000000004c42000 	/usr/lib/libbsm.0.dylib
0x0000000004c42000 	/usr/lib/libsqlite3.dylib
0x0000000004c42000 	/usr/lib/libxar.1.dylib
0x0000000004c42000 	/usr/lib/libpam.2.dylib
0x0000000004c42000 	/usr/lib/libOpenScriptingUtil.dylib
0x0000000004c42000 	/usr/lib/libbz2.1.0.dylib
0x0000000004c42000 	/System/Library/Frameworks/CoreServices.framework/Versions/A/Frameworks/CarbonCore.framework/Versions/A/CarbonCore
0x0000000004c42000 	/System/Library/Frameworks/CoreServices.framework/Versions/A/Frameworks/Metadata.framework/Versions/A/Metadata
0x0000000004c42000 	/System/Library/Frameworks/CoreServices.framework/Versions/A/Frameworks/OSServices.framework/Versions/A/OSServices
0x0000000004c42000 	/System/Library/Frameworks/CoreServices.framework/Versions/A/Frameworks/SearchKit.framework/Versions/A/SearchKit
0x0000000004c42000 	/System/Library/Frameworks/CoreServices.framework/Versions/A/Frameworks/AE.framework/Versions/A/AE
0x0000000004c42000 	/System/Library/Frameworks/CoreServices.framework/Versions/A/Frameworks/LaunchServices.framework/Versions/A/LaunchServices
0x0000000004c42000 	/System/Library/Frameworks/CoreServices.framework/Versions/A/Frameworks/DictionaryServices.framework/Versions/A/DictionaryServices
0x0000000004c42000 	/System/Library/Frameworks/NetFS.framework/Versions/A/NetFS
0x0000000004c42000 	/usr/lib/system/libkxld.dylib
0x0000000004c42000 	/System/Library/PrivateFrameworks/NetAuth.framework/Versions/A/NetAuth
0x0000000004c42000 	/System/Library/Frameworks/OpenDirectory.framework/Versions/A/Frameworks/CFOpenDirectory.framework/Versions/A/CFOpenDirectory
0x0000000004c42000 	/usr/lib/libxslt.1.dylib
0x0000000004c42000 	/System/Library/PrivateFrameworks/FamilyControls.framework/Versions/A/FamilyControls
0x0000000004c42000 	/System/Library/Frameworks/Carbon.framework/Versions/A/Frameworks/Ink.framework/Versions/A/Ink
0x0000000004c42000 	/System/Library/Frameworks/ApplicationServices.framework/Versions/A/Frameworks/CoreGraphics.framework/Versions/A/CoreGraphics
0x0000000004c42000 	/System/Library/Frameworks/ApplicationServices.framework/Versions/A/Frameworks/ATS.framework/Versions/A/ATS
0x0000000004c42000 	/System/Library/Frameworks/ApplicationServices.framework/Versions/A/Frameworks/ColorSync.framework/Versions/A/ColorSync
0x0000000004c42000 	/System/Library/Frameworks/ApplicationServices.framework/Versions/A/Frameworks/HIServices.framework/Versions/A/HIServices
0x0000000004c42000 	/System/Library/Frameworks/ApplicationServices.framework/Versions/A/Frameworks/LangAnalysis.framework/Versions/A/LangAnalysis
0x0000000004c42000 	/System/Library/Frameworks/ApplicationServices.framework/Versions/A/Frameworks/PrintCore.framework/Versions/A/PrintCore
0x0000000004c42000 	/System/Library/Frameworks/ApplicationServices.framework/Versions/A/Frameworks/QD.framework/Versions/A/QD
0x0000000004c42000 	/System/Library/Frameworks/ApplicationServices.framework/Versions/A/Frameworks/SpeechSynthesis.framework/Versions/A/SpeechSynthesis
0x0000000004c42000 	/System/Library/Frameworks/IOSurface.framework/Versions/A/IOSurface
0x0000000004c42000 	/System/Library/Frameworks/Accelerate.framework/Versions/A/Accelerate
0x0000000004c42000 	/System/Library/Frameworks/ApplicationServices.framework/Versions/A/Frameworks/ATS.framework/Versions/A/Resources/libFontParser.dylib
0x0000000004c42000 	/System/Library/Frameworks/ApplicationServices.framework/Versions/A/Frameworks/ATS.framework/Versions/A/Resources/libFontRegistry.dylib
0x0000000004c42000 	/System/Library/Frameworks/Accelerate.framework/Versions/A/Frameworks/vImage.framework/Versions/A/vImage
0x0000000004c42000 	/System/Library/Frameworks/Accelerate.framework/Versions/A/Frameworks/vecLib.framework/Versions/A/vecLib
0x0000000004c42000 	/System/Library/Frameworks/Accelerate.framework/Versions/A/Frameworks/vecLib.framework/Versions/A/libvDSP.dylib
0x0000000004c42000 	/System/Library/Frameworks/Accelerate.framework/Versions/A/Frameworks/vecLib.framework/Versions/A/libvMisc.dylib
0x0000000004c42000 	/System/Library/Frameworks/Accelerate.framework/Versions/A/Frameworks/vecLib.framework/Versions/A/libLAPACK.dylib
0x0000000004c42000 	/System/Library/Frameworks/Accelerate.framework/Versions/A/Frameworks/vecLib.framework/Versions/A/libBLAS.dylib
0x0000000004c42000 	/System/Library/Frameworks/ImageIO.framework/Versions/A/Resources/libJPEG.dylib
0x0000000004c42000 	/System/Library/Frameworks/ImageIO.framework/Versions/A/Resources/libTIFF.dylib
0x0000000004c42000 	/System/Library/Frameworks/ImageIO.framework/Versions/A/Resources/libPng.dylib
0x0000000004c42000 	/System/Library/Frameworks/ImageIO.framework/Versions/A/Resources/libGIF.dylib
0x0000000004c42000 	/System/Library/Frameworks/ImageIO.framework/Versions/A/Resources/libJP2.dylib
0x0000000004c42000 	/System/Library/Frameworks/ImageIO.framework/Versions/A/Resources/libRadiance.dylib
0x0000000004c42000 	/usr/lib/libcups.2.dylib
0x0000000004c42000 	/System/Library/Frameworks/Kerberos.framework/Versions/A/Kerberos
0x0000000004c42000 	/System/Library/Frameworks/GSS.framework/Versions/A/GSS
0x0000000004c42000 	/usr/lib/libresolv.9.dylib
0x0000000004c42000 	/usr/lib/libiconv.2.dylib
0x0000000004c42000 	/System/Library/PrivateFrameworks/Heimdal.framework/Versions/A/Heimdal
0x0000000004c42000 	/System/Library/PrivateFrameworks/TrustEvaluationAgent.framework/Versions/A/TrustEvaluationAgent
0x0000000004c42000 	/System/Library/Frameworks/OpenDirectory.framework/Versions/A/OpenDirectory
0x0000000004c42000 	/System/Library/PrivateFrameworks/CommonAuth.framework/Versions/A/CommonAuth
0x0000000004c42000 	/System/Library/PrivateFrameworks/Bom.framework/Versions/A/Bom
0x0000000004c42000 	/System/Library/Frameworks/CoreVideo.framework/Versions/A/CoreVideo
0x0000000004c42000 	/System/Library/Frameworks/QuartzCore.framework/Versions/A/Frameworks/CoreImage.framework/Versions/A/CoreImage
0x0000000004c42000 	/System/Library/Frameworks/QuartzCore.framework/Versions/A/Frameworks/ScalableUserInterface.framework/Versions/A/ScalableUserInterface
0x0000000004c42000 	/System/Library/Frameworks/OpenGL.framework/Versions/A/Libraries/libGLU.dylib
0x0000000004c42000 	/System/Library/Frameworks/OpenGL.framework/Versions/A/Libraries/libGFXShared.dylib
0x0000000004c42000 	/System/Library/Frameworks/OpenGL.framework/Versions/A/Libraries/libGL.dylib
0x0000000004c42000 	/System/Library/Frameworks/OpenGL.framework/Versions/A/Libraries/libGLImage.dylib
0x0000000004c42000 	/System/Library/Frameworks/OpenGL.framework/Versions/A/Libraries/libCVMSPluginSupport.dylib
0x0000000004c42000 	/System/Library/Frameworks/OpenGL.framework/Versions/A/Libraries/libCoreVMClient.dylib
0x0000000004c42000 	/System/Library/PrivateFrameworks/CrashReporterSupport.framework/Versions/A/CrashReporterSupport
0x0000000004c42000 	/System/Library/Frameworks/OpenCL.framework/Versions/A/OpenCL
0x0000000004c42000 	/System/Library/PrivateFrameworks/FaceCoreLight.framework/Versions/A/FaceCoreLight
0x0000000004c42000 	/System/Library/PrivateFrameworks/AppleFSCompression.framework/Versions/A/AppleFSCompression
0x0000000004c42000 	/System/Library/PrivateFrameworks/Ubiquity.framework/Versions/A/Ubiquity
0x0000000004c42000 	/System/Library/Frameworks/ServiceManagement.framework/Versions/A/ServiceManagement
0x0000000004c42000 	/System/Library/PrivateFrameworks/ChunkingLibrary.framework/Versions/A/ChunkingLibrary
0x0000000004c42000 	/System/Library/Frameworks/vecLib.framework/Versions/A/vecLib
0x0000000004c42000 	/System/Library/Frameworks/SecurityFoundation.framework/Versions/A/SecurityFoundation
0x0000000004c42000 	/System/Library/PrivateFrameworks/CommerceKit.framework/Versions/A/Frameworks/CommerceCore.framework/Versions/A/CommerceCore
0x0000000004c42000 	/System/Library/PrivateFrameworks/CoreSymbolication.framework/Versions/A/CoreSymbolication
0x0000000004c42000 	/System/Library/PrivateFrameworks/Symbolication.framework/Versions/A/Symbolication
0x0000000004c42000 	/System/Library/PrivateFrameworks/DebugSymbols.framework/Versions/A/DebugSymbols
0x0000000101c68000 	/Library/Java/JavaVirtualMachines/jdk1.7.0_51.jdk/Contents/Home/jre/lib/server/libjvm.dylib
0x00000001027be000 	/Library/Java/JavaVirtualMachines/jdk1.7.0_51.jdk/Contents/Home/jre/lib/libverify.dylib
0x00000001027cb000 	/Library/Java/JavaVirtualMachines/jdk1.7.0_51.jdk/Contents/Home/jre/lib/libjava.dylib
0x00000001027fc000 	/Library/Java/JavaVirtualMachines/jdk1.7.0_51.jdk/Contents/Home/jre/lib/libjdwp.dylib
0x0000000102839000 	/Library/Java/JavaVirtualMachines/jdk1.7.0_51.jdk/Contents/Home/jre/lib/libnpt.dylib
0x0000000102846000 	/Library/Java/JavaVirtualMachines/jdk1.7.0_51.jdk/Contents/Home/jre/lib/libzip.dylib
0x000000014e596000 	/System/Library/Frameworks/JavaVM.framework/Frameworks/JavaRuntimeSupport.framework/JavaRuntimeSupport
0x000000014e5ae000 	/System/Library/Frameworks/JavaVM.framework/Versions/A/Frameworks/JavaNativeFoundation.framework/Versions/A/JavaNativeFoundation
0x000000014e5c3000 	/System/Library/Frameworks/JavaVM.framework/Versions/A/JavaVM
0x0000000004c42000 	/System/Library/Frameworks/Carbon.framework/Versions/A/Carbon
0x000000014e5d0000 	/System/Library/PrivateFrameworks/JavaLaunching.framework/Versions/A/JavaLaunching
0x0000000004c42000 	/System/Library/Frameworks/Carbon.framework/Versions/A/Frameworks/CommonPanels.framework/Versions/A/CommonPanels
0x0000000004c42000 	/System/Library/Frameworks/Carbon.framework/Versions/A/Frameworks/Help.framework/Versions/A/Help
0x0000000004c42000 	/System/Library/Frameworks/Carbon.framework/Versions/A/Frameworks/ImageCapture.framework/Versions/A/ImageCapture
0x0000000004c42000 	/System/Library/Frameworks/Carbon.framework/Versions/A/Frameworks/OpenScripting.framework/Versions/A/OpenScripting
0x0000000004c42000 	/System/Library/Frameworks/Carbon.framework/Versions/A/Frameworks/Print.framework/Versions/A/Print
0x0000000004c42000 	/System/Library/Frameworks/Carbon.framework/Versions/A/Frameworks/SecurityHI.framework/Versions/A/SecurityHI
0x0000000105979000 	/Library/Java/JavaVirtualMachines/jdk1.7.0_51.jdk/Contents/Home/jre/lib/libdt_socket.dylib
0x000000014f287000 	/Library/Java/JavaVirtualMachines/jdk1.7.0_51.jdk/Contents/Home/jre/lib/libnio.dylib
0x000000014f296000 	/Library/Java/JavaVirtualMachines/jdk1.7.0_51.jdk/Contents/Home/jre/lib/./libnet.dylib

VM Arguments:
jvm_args: -agentlib:jdwp=transport=dt_socket,suspend=y,address=localhost:51463 -Dfile.encoding=US-ASCII 
java_command: chao.ChaoManager predict_result crab_pool one two three four
Launcher Type: SUN_STANDARD

Environment Variables:
PATH=/usr/bin:/bin:/usr/sbin:/sbin
SHELL=/bin/bash
DISPLAY=/tmp/launch-EtiO9p/org.macosforge.xquartz:0
DYLD_INSERT_LIBRARIES=/usr/lib/libimckit.dylib

Signal Handlers:
SIGSEGV: [libjvm.dylib+0x525425], sa_mask[0]=0xfffefeff, sa_flags=0x00000043
SIGBUS: [libjvm.dylib+0x525425], sa_mask[0]=0xfffefeff, sa_flags=0x00000042
SIGFPE: [libjvm.dylib+0x41892a], sa_mask[0]=0xfffefeff, sa_flags=0x00000042
SIGPIPE: [libjvm.dylib+0x41892a], sa_mask[0]=0xfffefeff, sa_flags=0x00000042
SIGXFSZ: [libjvm.dylib+0x41892a], sa_mask[0]=0xfffefeff, sa_flags=0x00000042
SIGILL: [libjvm.dylib+0x41892a], sa_mask[0]=0xfffefeff, sa_flags=0x00000042
SIGUSR1: SIG_DFL, sa_mask[0]=0x00000000, sa_flags=0x00000002
SIGUSR2: [libjvm.dylib+0x41841c], sa_mask[0]=0x00000004, sa_flags=0x00000042
SIGHUP: [libjvm.dylib+0x4166ab], sa_mask[0]=0xfffefeff, sa_flags=0x00000042
SIGINT: [libjvm.dylib+0x4166ab], sa_mask[0]=0xfffefeff, sa_flags=0x00000042
SIGTERM: [libjvm.dylib+0x4166ab], sa_mask[0]=0xfffefeff, sa_flags=0x00000042
SIGQUIT: [libjvm.dylib+0x4166ab], sa_mask[0]=0xfffefeff, sa_flags=0x00000042


---------------  S Y S T E M  ---------------

OS:Bsduname:Darwin 12.5.0 Darwin Kernel Version 12.5.0: Sun Sep 29 13:33:47 PDT 2013; root:xnu-2050.48.12~1/RELEASE_X86_64 x86_64
rlimit: STACK 8192k, CORE 0k, NPROC 709, NOFILE 10240, AS infinity
load average:1.41 1.09 1.18

CPU:total 2 (2 cores per cpu, 1 threads per core) family 6 model 23 stepping 10, cmov, cx8, fxsr, mmx, sse, sse2, sse3, ssse3, sse4.1, tsc

Memory: 4k page, physical 4194304k(1048576k free)

/proc/meminfo:


vm_info: Java HotSpot(TM) 64-Bit Server VM (24.51-b03) for bsd-amd64 JRE (1.7.0_51-b13), built on Dec 18 2013 18:45:56 by "java_re" with gcc 4.2.1 (Based on Apple Inc. build 5658) (LLVM build 2336.11.00)

time: Thu Aug  7 22:37:06 2014
elapsed time: 734 seconds

